<?xml version="1.0" encoding="UTF-8"?>
<!-- Generated by org.testng.reporters.JUnitReportReporter -->
<testsuite hostname="DESKTOP-DH9371Q" failures="0" tests="4" name="selenium.ParallelExecutionOfTestCasesInDifferentBrowsers" time="68.650" errors="0" timestamp="2024-10-05T16:33:02 IST" skipped="0">
  <testcase classname="selenium.ParallelExecutionOfTestCasesInDifferentBrowsers" name="testng" time="19.647"/>
  <system-out/>
  <testcase classname="selenium.ParallelExecutionOfTestCasesInDifferentBrowsers" name="testng1" time="15.934"/>
  <system-out/>
  <testcase classname="selenium.ParallelExecutionOfTestCasesInDifferentBrowsers" name="testng3" time="12.989"/>
  <system-out/>
  <testcase classname="selenium.ParallelExecutionOfTestCasesInDifferentBrowsers" name="testng2" time="20.080"/>
  <system-out/>
</testsuite> <!-- selenium.ParallelExecutionOfTestCasesInDifferentBrowsers -->
