<?xml version="1.0" encoding="UTF-8"?>
<!-- Generated by org.testng.reporters.JUnitReportReporter -->
<testsuite hostname="DESKTOP-DH9371Q" failures="0" tests="1" name="selenium.SendingParametersViaTesNGxml" time="17.148" errors="0" timestamp="2024-10-06T09:19:50 IST" skipped="0">
  <testcase classname="selenium.SendingParametersViaTesNGxml" name="myntra" time="17.148"/>
  <system-out/>
</testsuite> <!-- selenium.SendingParametersViaTesNGxml -->
