<?xml version="1.0" encoding="UTF-8"?>
<!-- Generated by org.testng.reporters.JUnitReportReporter -->
<testsuite hostname="DESKTOP-DH9371Q" failures="0" tests="4" name="selenium.DataDrivenTesting" time="87.456" errors="0" timestamp="2024-10-05T11:58:17 IST" skipped="0">
  <testcase classname="selenium.DataDrivenTesting" name="DDT" time="19.753"/>
  <system-out/>
  <testcase classname="selenium.DataDrivenTesting" name="DDT" time="21.005"/>
  <system-out/>
  <testcase classname="selenium.DataDrivenTesting" name="DDT" time="25.738"/>
  <system-out/>
  <testcase classname="selenium.DataDrivenTesting" name="DDT" time="20.960"/>
  <system-out/>
</testsuite> <!-- selenium.DataDrivenTesting -->
