<?xml version="1.0" encoding="UTF-8"?>
<!-- Generated by org.testng.reporters.JUnitReportReporter -->
<testsuite hostname="DESKTOP-DH9371Q" failures="0" tests="1" name="selenium.SkippingTestCasesTestNG" time="0.018" errors="0" timestamp="2024-10-07T07:24:06 IST" skipped="1">
  <testcase classname="selenium.SkippingTestCasesTestNG" name="testng3" time="0.018">
    <skipped/>
  </testcase> <!-- testng3 -->
  <system-out/>
</testsuite> <!-- selenium.SkippingTestCasesTestNG -->
