<?xml version="1.0" encoding="UTF-8"?>
<!-- Generated by org.testng.reporters.JUnitReportReporter -->
<testsuite hostname="DESKTOP-DH9371Q" failures="0" tests="4" name="selenium.DataDrivenTestingSample" time="83.278" errors="0" timestamp="2024-10-05T11:13:12 IST" skipped="0">
  <testcase classname="selenium.DataDrivenTestingSample" name="dataTest" time="18.941"/>
  <system-out/>
  <testcase classname="selenium.DataDrivenTestingSample" name="dataTest" time="27.741"/>
  <system-out/>
  <testcase classname="selenium.DataDrivenTestingSample" name="dataTest" time="18.349"/>
  <system-out/>
  <testcase classname="selenium.DataDrivenTestingSample" name="dataTest" time="18.247"/>
  <system-out/>
</testsuite> <!-- selenium.DataDrivenTestingSample -->
