<?xml version="1.0" encoding="UTF-8"?>
<!-- Generated by org.testng.reporters.JUnitReportReporter -->
<testsuite hostname="DESKTOP-DH9371Q" failures="0" tests="4" name="selenium.ParallelExecutionOfTestCases" time="251.650" errors="0" timestamp="2024-10-05T16:04:07 IST" skipped="0">
  <testcase classname="selenium.ParallelExecutionOfTestCases" name="testng1" time="64.285"/>
  <system-out/>
  <testcase classname="selenium.ParallelExecutionOfTestCases" name="testng2" time="61.831"/>
  <system-out/>
  <testcase classname="selenium.ParallelExecutionOfTestCases" name="testng" time="63.023"/>
  <system-out/>
  <testcase classname="selenium.ParallelExecutionOfTestCases" name="testng3" time="62.511"/>
  <system-out/>
</testsuite> <!-- selenium.ParallelExecutionOfTestCases -->
