<?xml version="1.0" encoding="UTF-8"?>
<!-- Generated by org.testng.reporters.JUnitReportReporter -->
<testsuite hostname="DESKTOP-DH9371Q" failures="0" tests="4" name="selenium.RegressionSuiteGrouping" time="62.451" errors="0" timestamp="2024-10-06T09:10:08 IST" skipped="0">
  <testcase classname="selenium.RegressionSuiteGrouping" name="bigbasket" time="21.100"/>
  <system-out/>
  <testcase classname="selenium.RegressionSuiteGrouping" name="myntra" time="11.147"/>
  <system-out/>
  <testcase classname="selenium.RegressionSuiteGrouping" name="swiggy" time="13.423"/>
  <system-out/>
  <testcase classname="selenium.RegressionSuiteGrouping" name="flipkart" time="16.781"/>
  <system-out/>
</testsuite> <!-- selenium.RegressionSuiteGrouping -->
