<?xml version="1.0" encoding="UTF-8"?>
<!-- Generated by org.testng.reporters.JUnitReportReporter -->
<testsuite hostname="DESKTOP-DH9371Q" failures="0" tests="3" name="selenium.InvocationCountTestNG" time="35.850" errors="0" timestamp="2024-10-07T07:16:04 IST" skipped="0">
  <testcase classname="selenium.InvocationCountTestNG" name="Swiggy" time="9.312"/>
  <system-out/>
  <testcase classname="selenium.InvocationCountTestNG" name="Swiggy" time="15.184"/>
  <system-out/>
  <testcase classname="selenium.InvocationCountTestNG" name="Swiggy" time="11.354"/>
  <system-out/>
</testsuite> <!-- selenium.InvocationCountTestNG -->
