<?xml version="1.0" encoding="UTF-8"?>
<!-- Generated by org.testng.reporters.JUnitReportReporter -->
<testsuite hostname="DESKTOP-DH9371Q" failures="0" tests="4" name="selenium.ParallelRunningMultipleClassesTogether" time="63.202" errors="0" timestamp="2024-10-05T16:33:02 IST" skipped="0">
  <testcase classname="selenium.ParallelRunningMultipleClassesTogether" name="amazon" time="27.333"/>
  <system-out/>
  <testcase classname="selenium.ParallelRunningMultipleClassesTogether" name="jiomart" time="11.478"/>
  <system-out/>
  <testcase classname="selenium.ParallelRunningMultipleClassesTogether" name="naukri" time="14.495"/>
  <system-out/>
  <testcase classname="selenium.ParallelRunningMultipleClassesTogether" name="monster" time="9.896"/>
  <system-out/>
</testsuite> <!-- selenium.ParallelRunningMultipleClassesTogether -->
