<?xml version="1.0" encoding="UTF-8"?>
<!-- Generated by org.testng.reporters.JUnitReportReporter -->
<testsuite hostname="DESKTOP-DH9371Q" failures="0" tests="6" name="selenium.TestNGPractice" time="50.941" errors="0" timestamp="2024-10-07T07:06:00 IST" skipped="2">
  <testcase classname="selenium.TestNGPractice" name="testng1" time="10.415"/>
  <system-out/>
  <testcase classname="selenium.TestNGPractice" name="testng1" time="18.862"/>
  <system-out/>
  <testcase classname="selenium.TestNGPractice" name="testng3" time="0.003">
    <skipped/>
  </testcase> <!-- testng3 -->
  <system-out/>
  <testcase classname="selenium.TestNGPractice" name="testng1" time="10.661"/>
  <system-out/>
  <testcase classname="selenium.TestNGPractice" name="testng" time="11.000"/>
  <system-out/>
  <testcase classname="selenium.TestNGPractice" name="testng2">
    <skipped/>
  </testcase> <!-- testng2 -->
  <system-out/>
</testsuite> <!-- selenium.TestNGPractice -->
